make.exe all --print-data-base --no-builtin-variables --no-builtin-rules --question
# GNU Make 3.82.90
# Built for i686-pc-mingw32
# Copyright (C) 1988-2012 Free Software Foundation, Inc.
# License GPLv3+: GNU GPL version 3 or later <http://gnu.org/licenses/gpl.html>
# This is free software: you are free to change and redistribute it.
# There is NO WARRANTY, to the extent permitted by law.
 

# Make data base, printed on Tue Mar 22 11:28:53 2022

# Variables

# automatic
<D = $(patsubst %/,%,$(patsubst %\,%,$(dir $<)))
# automatic
?F = $(notdir $?)
# default
.SHELLFLAGS := -c
# makefile
MAKEFLAGS = Rrqp
# environment
VSCODE_LOG_NATIVE = false
# automatic
?D = $(patsubst %/,%,$(patsubst %\,%,$(dir $?)))
# automatic
@D = $(patsubst %/,%,$(patsubst %\,%,$(dir $@)))
# environment
HOMEDRIVE = C:
# automatic
@F = $(notdir $@)
# automatic
^D = $(patsubst %/,%,$(patsubst %\,%,$(dir $^)))
# makefile
CUR 
DIR := c:/Users/paula/OneDrive/Escritorio/plataformes/aula
# default
SHELL := sh.exe
# environment
WINDIR = C:\WINDOWS
# environment
VSCODE_NLS_CONFIG = {"locale":"es","availableLanguages":{},"_languagePackSupport":true}
# environment
VBOX_MSI_INSTALL_PATH = C:\Program Files\Oracle\VirtualBox\
# makefile (from 'makefile', line 1)
CFLAGS = -I../..
# environment
ONEDRIVE = C:\Users\paula\OneDrive
# environment
PATHEXT = .COM;.EXE;.BAT;.CMD;.VBS;.VBE;.JS;.JSE;.WSF;.WSH;.MSC
# makefile (from 'makefile', line 1)
MAKEFILE_LIST :=  makefile
# environment
TMP = C:\Users\paula\AppData\Local\Temp
# environment
VSCODE_VERBOSE_LOGGING = true
# environment
PROGRAMW6432 = C:\Program Files
# environment
PROGRAMDATA = C:\ProgramData
# environment
VSCODE_IPC_HOOK_EXTHOST = \\.\pipe\vscode-ipc-1d8fbf16-d6a3-44dc-8df5-858b6bc88b52-sock
# environment
VSCODE_CWD = C:\Users\paula\AppData\Local\Programs\Microsoft VS Code
# environment
PATH = C:\Program Files (x86)\Common Files\Oracle\Java\javapath;C:\Program Files\Common Files\Oracle\Java\javapath;C:\WINDOWS\system32;C:\WINDOWS;C:\WINDOWS\System32\Wbem;C:\WINDOWS\System32\WindowsPowerShell\v1.0\;C:\WINDOWS\System32\OpenSSH\;C:\Users\paula\Downloads\nvim-win64\Neovim\bin;C:\MinGW\bin;C:\Program Files\Git\cmd;C:\Users\paula\AppData\Local\Microsoft\WindowsApps;C:\Users\paula\Downloads\nvim-win64\Neovim\bin;;C:\Program Files\JetBrains\IntelliJ IDEA 2021.3.2\bin;;C:\Program Files\JetBrains\IntelliJ IDEA Community Edition 2021.3.2\bin;;C:\Users\paula\AppData\Local\Programs\Microsoft VS Cod 
e\bin
# environment
ONLINESERVICES = Online Services
# environment
COMMONPROGRAMW6432 = C:\Program Files\Common Files
# environment
ZES_ENABLE_SYSMAN = 1
# environment
PROCESSOR_ARCHITECTURE = x86
# environment
USERPROFILE = C:\Users\paula
# environment
ALLUSERSPROFILE = C:\ProgramData
# environment
VSCODE_LOG_STACK = false
# environment
NUMBER_OF_PROCESSORS = 2
# environment
ELECTRON_RUN_AS_NODE = 1
# makefile (from 'makefile', line 3)
LDFLAGS = -s -lopengl32 -lgdi32
# default
.FEATURES := target-specific order-only second-expansion else-if shortest-stem undefine oneshell archives jobserver
# environment
INTELLIJ IDEA = C:\Program Files\JetBrains\IntelliJ IDEA 2021.3.2\bin;
# automatic
%F = $(notdir $%)
# environment
CHROME_CRASHPAD_PIPE_NAME = \\.\pipe\crashpad_19296_NFYUNXVASZSHDZLY
# environment
VSCODE_PIPE_LOGGING = true
# environment
COMPUTERNAME = LAPTOP-6N3E56FN
# environment
PROGRAMFILES = C:\Program Files (x86)
# environment
DRIVERDATA = C:\Windows\System32\Drivers\DriverData
# environment
ORIGINAL_XDG_CURRENT_DESKTOP = undefined
# environment
USERNAME = paula
# environment
PUBLIC = C:\Users\Public
# environment
VSCODE_AMD_ENTRYPOINT = vs/workbench/api/node/extensionHostProcess
# environment
VSCODE_CODE_CACHE_PATH = C:\Users\paula\AppData\Roaming\Code\CachedData\c722ca6c7eed3d7987c0d5c3df5c45f6b15e77d1
# environment
APPLICATION_INSIGHTS_NO_DIAGNOSTIC_CHANNEL = 1
# environment
COMMONPROGRAMFILES = C:\Program Files (x86)\Common Files
# environment
LOGONSERVER = \\LAPTOP-6N3E56FN
# environment
ONEDRIVECONSUMER = C:\Users\paula\OneDrive
# environment
VSCODE_HANDLES_UNCAUGHT_ERRORS = true
# environment
USERDOMAIN = LAPTOP-6N3E56FN
# environment
MAKELEVEL := 0
# environment
INTELLIJ IDEA COMMUNITY EDITION = C:\Program Files\JetBrains\IntelliJ IDEA Community Edition 2021.3.2\bin;
# default
MAKE = $(MAKE_COMMAND)
# default
MAKECMDGOALS := all
# default
MAKE_VERSION := 3.82.90
# makefile
.DEFAULT_GOAL := VISORGUI
# environment
PROGRAMFILES(X86) = C:\Program Files (x86)
# automatic
%D = $(patsubst %/,%,$(patsubst %\,%,$(dir $%)))
# environment
LOCALAPPDATA = C:\Users\paula\AppData\Local
# environment
PSMODULEPATH = C:\Program Files\WindowsPowerShell\Modules;C:\WINDOWS\system32\WindowsPowerShell\v1.0\Modules
# default
MAKE_COMMAND := make.exe
# environment
PROCESSOR_ARCHITEW6432 = AMD64
# default
.VARIABLES := 
# automatic
*F = $(notdir $*)
# environment
PROCESSOR_IDENTIFIER = Intel64 Family 6 Model 122 Stepping 8, GenuineIntel
# environment
OS = Windows_NT
# environment
VSCODE_IPC_HOOK = \\.\pipe\47788cb5baa5a2f8568bbb091acce60e-1.65.2-main-sock
# environment
HOMEPATH = \Users\paula
# environment
COMMONPROGRAMFILES(X86) = C:\Program Files (x86)\Common Files
# environment
PROMPT = $P$G
# environment
MFLAGS = -Rrqp
# automatic
*D = $(patsubst %/,%,$(patsubst %\,%,$(dir $*)))
# environment
REGIONCODE = EMEA
# environment
SYSTEMROOT = C:\WINDOWS
# automatic
+D = $(patsubst %/,%,$(patsubst %\,%,$(dir $+)))
# environment
PLATFORMCODE = AN
# automatic
+F = $(notdir $+)
# environment
APPDATA = C:\Users\paula\AppData\Roaming
# environment
TEMP = C:\Users\paula\AppData\Local\Temp
# environment
COMSPEC = C:\WINDOWS\system32\cmd.exe
# default
MAKEFILES := 
# automatic
<F = $(notdir $<)
# environment
LC_ALL = C
# automatic
^F = $(notdir $^)
# default
SUFFIXES := 
# environment
SYSTEMDRIVE = C:
# environment
SESSIONNAME = Console
# environment
PROCESSOR_REVISION = 7a08
# default
.INCLUDE_DIRS = C:/MinGW/include
# default
.RECIPEPREFIX := 
# environment
LANG = C
# environment
PROCESSOR_LEVEL = 6
# environment
VSCODE_PID = 19296
# environment
USERDOMAIN_ROAMINGPROFILE = LAPTOP-6N3E56FN
# variable set hash-table stats:
# Load=99/1024=10%, Rehash=0, Collisions=11/119=9%

# Pattern-specific Variable Values

# No pattern-specific variable values.

# Directories

# : could not be stat'd.
# C:\Users\paula\AppData\Local\Microsoft\WindowsApps (key C:/Users/paula/AppData/Local/Microsoft/WindowsApps, mtime 1647944109): 32 files, no impossibilities.
# C:\WINDOWS\System32\WindowsPowerShell\v1.0\ (key C:/WINDOWS/System32/WindowsPowerShell/v1.0/, mtime 1637627258): 32 files, no impossibilities.
# . (key c:/Users/paula/OneDrive/Escritorio/plataformes/aula, mtime 1647944586): 14 files, no impossibilities.
# C:\Program Files (x86)\Common Files\Oracle\Java\javapath (key C:/Program Files (x86)/Common Files/Oracle/Java/javapath, mtime 1644923819): 5 files, no impossibilities.
# C:\Users\paula\AppData\Local\Programs\Microsoft VS Code\bin (key C:/Users/paula/AppData/Local/Programs/Microsoft VS Code/bin, mtime 1647331857): 4 files, no impossibilities.
# C:\Program Files\Git\cmd (key C:/Program Files/Git/cmd, mtime 1646209738): 8 files, no impossibilities.
# C:\WINDOWS\System32\OpenSSH\: could not be stat'd.
# C:\MinGW\bin (key C:/MinGW/bin, mtime 1645003645): 60 files, no impossibilities.
# C:\WINDOWS (key C:/WINDOWS, mtime 1647076454): 123 files, no impossibilities.
# C:\Users\paula\Downloads\nvim-win64\Neovim\bin (key C:/Users/paula/Downloads/nvim-win64/Neovim/bin, mtime 1644395067): 33 files, no impossibilities.
# C:\WINDOWS\System32\Wbem (key C:/WINDOWS/System32/Wbem, mtime 1642357747): 155 files, no impossibilities.
# C:\Program Files\JetBrains\IntelliJ IDEA Community Edition 2021.3.2\bin (key C:/Program Files/JetBrains/IntelliJ IDEA Community Edition 2021.3.2/bin, mtime 1644576559): 32 files, no impossibilities.
# C:\Program Files\Common Files\Oracle\Java\javapath (key C:/Program Files/Common Files/Oracle/Java/javapath, mtime 1644575785): 6 files, no impossibilities.
# C:\Program Files\JetBrains\IntelliJ IDEA 2021.3.2\bin: could not be stat'd.
# C:\WINDOWS\system32 (key C:/WINDOWS/system32, mtime 1647598709): 2762 files, no impossibilities.

# 3266 files, no impossibilities in 16 directories.

# Implicit Rules

# No implicit rules.

# Files

GUIXML.o: GUIXML.c
#  Implicit rule search has not been done.
#  Modification time never checked.
#  File has not been updated.
#  recipe to execute (from 'makefile', line 22):
	gcc -c GUIXML.c

# Not a target:
all:
#  Command line target.
#  Implicit rule search has been done.
#  File does not exist.
#  File has not been updated.

xml.o: xml.c/src/xml.c
#  Implicit rule search has not been done.
#  Modification time never checked.
#  File has not been updated.
#  recipe to execute (from 'makefile', line 24):
	gcc -c xml.c/src/xml.c

# Not a target:
tigr/tigr.c:
#  Implicit rule search has not been done.
#  Modification time never checked.
#  File has not been updated.

# Not a target:
.SUFFIXES:
#  Implicit rule search has not been done.
#  Modification time never checked.
#  File has not been updated.

# Not a target:
xml.c/src/xml.c:
#  Implicit rule search has not been done.
#  Modification time never checked.
#  File has not been updated.

# Not a target:
VISORGUI.c:
#  Implicit rule search has not been done.
#  Modification time never checked.
#  File has not been updated.

# Not a target:
makefile:
#  Implicit rule search has been done.
#  Last modified 2022-03-22 11:27:52
#  File has been updated.
#  Successfully updated.

# Not a target:
GUIXML.c:
#  Implicit rule search has not been done.
#  Modification time never checked.
#  File has not been updated.

GUIICONS.o: GUIICONS.c
#  Implicit rule search has not been done.
#  Modification time never checked.
#  File has not been updated.
#  recipe to execute (from 'makefile', line 20):
	gcc -c GUIICONS.c 

# Not a target:
.DEFAULT:
#  Implicit rule search has not been done.
#  Modification time never checked.
#  File has not been updated.

tigr.o: tigr/tigr.c
#  Implicit rule search has not been done.
#  Modification time never checked.
#  File has not been updated.
#  recipe to execute (from 'makefile', line 16):
	gcc -c tigr/tigr.c 

clean:
#  Implicit rule search has not been done.
#  Modification time never checked.
#  File has not been updated.
#  recipe to execute (from 'makefile', line 27):
	del VISORGUI.exe VISORGUI.o tigr.o GUIICONS.o GUIXML.o xml.o

# Not a target:
GUIICONS.c:
#  Implicit rule search has not been done.
#  Modification time never checked.
#  File has not been updated.

VISORGUI: tigr.o VISORGUI.o GUIICONS.o GUIXML.o xml.o
#  Implicit rule search has  
not been done.
#  Modification time never checked.
#  File has not been updated.
#  recipe to execute (from 'makefile', line 14):
	gcc -o VISORGUI VISORGUI.o tigr.o GUIICONS.o GUIXML.o xml.o $(CFLAGS) $(LDFLAGS)

VISORGUI.o: VISORGUI.c
#  Implicit rule search has not been done.
#  Modification time never checked.
#  File has not been updated.
#  recipe to execute (from 'makefile', line 18):
	gcc -c VISORGUI.c 

# files hash-table stats:
# Load=16/1024=2%, Rehash=0, Collisions=0/41=0%
# VPATH Search Paths

# No 'vpath' search paths.

# No general ('VPATH' variable) search path.

# strcache buffers: 7 (6) / strings = 3242 / storage = 49003 B / avg = 15 B
# current buf: size = 8174 B / used = 6 B / count = 1 / avg = 6 B
# other used: total = 40829 B / count = 3241 / avg = 12 B
# other free: total = 47 B / max = 15 B / min = 2 B / avg = 7 B

# strcache performance: lookups = 3312 / hit rate = 2%
# hash-table stats:
# Load=3242/8192=40%, Rehash=0, Collisions=1017/3312=31%
# Finished Make data base on Tue Mar 22 11:28:53 2022

 
make.exe: *** No rule to make target 'all'.  Stop.
 
